(0000) 2500  0010010100000000 (   7)                 .ORIG x2500
(2500) 3023  0011000000100011 (   9)                 ST    R0 SAVE0
(2501) 3223  0011001000100011 (  10)                 ST    R1 SAVE1
(2502) 3423  0011010000100011 (  11)                 ST    R2 SAVE2
(2503) 3623  0011011000100011 (  12)                 ST    R3 SAVE3
(2504) 3C23  0011110000100011 (  13)                 ST    R6 SAVE6
(2505) 3E23  0011111000100011 (  14)                 ST    R7 SAVE7
(2506) E019  1110000000011001 (  16)                 LEA   R0 ACGU
(2507) 2215  0010001000010101 (  17)                 LD    R1 KBDR
(2508) 6240  0110001001000000 (  18)                 LDR   R1 R1 #0
(2509) 2611  0010011000010001 (  19)                 LD    R3 FIVE
(250A) 16FF  0001011011111111 (  21) LOOPx4          ADD   R3 R3 #-1
(250B) 0C07  0000110000000111 (  22)                 BRNZ  NONE
(250C) 6400  0110010000000000 (  24)                 LDR   R2 R0 #0
(250D) 1481  0001010010000001 (  25)                 ADD   R2 R2 R1
(250E) 0402  0000010000000010 (  26)                 BRZ   VERIFIED
(250F) 1021  0001000000100001 (  27)                 ADD   R0 R0 #1
(2510) 0FF9  0000111111111001 (  28)                 BRNZP LOOPx4
(2511) 240C  0010010000001100 (  31) VERIFIED        LD    R2 Char_Address
(2512) 7280  0111001010000000 (  32)                 STR   R1 R2 #0
(2513) 2010  0010000000010000 (  34) NONE            LD    R0 SAVE0
(2514) 2210  0010001000010000 (  35)                 LD    R1 SAVE1
(2515) 2410  0010010000010000 (  36)                 LD    R2 SAVE2
(2516) 2610  0010011000010000 (  37)                 LD    R3 SAVE3
(2517) 2C10  0010110000010000 (  38)                 LD    R6 SAVE6
(2518) 2E10  0010111000010000 (  39)                 LD    R7 SAVE7
(2519) 8000  1000000000000000 (  41)                 RTI   
(251A) F025  1111000000100101 (  43)                 TRAP  x25
(251B) 0005  0000000000000101 (  45) FIVE            .FILL x0005
(251C) FE00  1111111000000000 (  46) KBSR            .FILL xFE00
(251D) FE02  1111111000000010 (  47) KBDR            .FILL xFE02
(251E) 2600  0010011000000000 (  48) Char_Address    .FILL x2600
(251F) 8000  1000000000000000 (  49) NewChar         .FILL x8000
(2520) FFBF  1111111110111111 (  50) ACGU            .FILL xFFBF
(2521) FFBD  1111111110111101 (  51)                 .FILL xFFBD
(2522) FFB9  1111111110111001 (  52)                 .FILL xFFB9
(2523) FFAB  1111111110101011 (  53)                 .FILL xFFAB
(2524) 0000  0000000000000000 (  54) SAVE0           .FILL x0000
(2525) 0000  0000000000000000 (  55) SAVE1           .FILL x0000
(2526) 0000  0000000000000000 (  56) SAVE2           .FILL x0000
(2527) 0000  0000000000000000 (  57) SAVE3           .FILL x0000
(2528) 0000  0000000000000000 (  58) SAVE6           .FILL x0000
(2529) 0000  0000000000000000 (  59) SAVE7           .FILL x0000
