(0000) 3000  0011000000000000 (   8)                 .ORIG x3000
(3000) 2C6C  0010110001101100 (  12)                 LD    R6 IntEnable
(3001) 2267  0010001001100111 (  16)                 LD    R1 IVT_ADDRESS
(3002) 2467  0010010001100111 (  17)                 LD    R2 ISR_ADDRESS
(3003) 7440  0111010001000000 (  18)                 STR   R2 R1 #0
(3004) 2266  0010001001100110 (  22)                 LD    R1 KBSR_ADDRESS
(3005) 6442  0110010001000010 (  23)                 LDR   R2 R1 #2
(3006) 2666  0010011001100110 (  24)                 LD    R3 IntEnable
(3007) 7640  0111011001000000 (  25)                 STR   R3 R1 #0
(3008) 484E  0100100001001110 (  29) START           JSR   GET_LETTER
(3009) 4853  0100100001010011 (  30)                 JSR   PRINT_LETTER
(300A) 2666  0010011001100110 (  31)                 LD    R3 A
(300B) 16C0  0001011011000000 (  32)                 ADD   R3 R3 R0
(300C) 0403  0000010000000011 (  33)                 BRZ   START2
(300D) 2067  0010000001100111 (  34)                 LD    R0 LETTER
(300E) 0BF9  0000101111111001 (  35)                 BRNP  START
(300F) 0FF8  0000111111111000 (  36)                 BRNZP START
(3010) 4846  0100100001000110 (  38) START2          JSR   GET_LETTER
(3011) 484B  0100100001001011 (  39)                 JSR   PRINT_LETTER
(3012) 2661  0010011001100001 (  40)                 LD    R3 U
(3013) 16C0  0001011011000000 (  41)                 ADD   R3 R3 R0
(3014) 0406  0000010000000110 (  42)                 BRZ   START3
(3015) 265B  0010011001011011 (  43)                 LD    R3 A
(3016) 16C0  0001011011000000 (  44)                 ADD   R3 R3 R0
(3017) 05F8  0000010111111000 (  45)                 BRZ   START2
(3018) 205C  0010000001011100 (  46)                 LD    R0 LETTER
(3019) 0BEE  0000101111101110 (  47)                 BRNP  START
(301A) 0FF5  0000111111110101 (  48)                 BRNZP START2
(301B) 483B  0100100000111011 (  50) START3          JSR   GET_LETTER
(301C) 4840  0100100001000000 (  51)                 JSR   PRINT_LETTER
(301D) 2655  0010011001010101 (  52)                 LD    R3 G
(301E) 16C0  0001011011000000 (  53)                 ADD   R3 R3 R0
(301F) 0406  0000010000000110 (  54)                 BRZ   SEQUENCE
(3020) 2650  0010011001010000 (  55)                 LD    R3 A
(3021) 16C0  0001011011000000 (  56)                 ADD   R3 R3 R0
(3022) 05ED  0000010111101101 (  57)                 BRZ   START2
(3023) 2051  0010000001010001 (  58)                 LD    R0 LETTER
(3024) 0BE3  0000101111100011 (  59)                 BRNP  START
(3025) 0FF5  0000111111110101 (  60)                 BRNZP START3
(3026) 2040  0010000001000000 (  62) SEQUENCE        LD    R0 BAR
(3027) F021  1111000000100001 (  63)                 TRAP  x21
(3028) 482E  0100100000101110 (  65) SEQLOOP         JSR   GET_LETTER
(3029) 4833  0100100000110011 (  66)                 JSR   PRINT_LETTER
(302A) 2649  0010011001001001 (  67)                 LD    R3 U
(302B) 16C0  0001011011000000 (  68)                 ADD   R3 R3 R0
(302C) 0402  0000010000000010 (  69)                 BRZ   END1
(302D) 2047  0010000001000111 (  70)                 LD    R0 LETTER
(302E) 0FF9  0000111111111001 (  71)                 BRNZP SEQLOOP
(302F) 4827  0100100000100111 (  73) END1            JSR   GET_LETTER
(3030) 482C  0100100000101100 (  74)                 JSR   PRINT_LETTER
(3031) 263F  0010011000111111 (  75)                 LD    R3 A
(3032) 16C0  0001011011000000 (  76)                 ADD   R3 R3 R0
(3033) 0409  0000010000001001 (  77)                 BRZ   END2
(3034) 263E  0010011000111110 (  78)                 LD    R3 G
(3035) 16C0  0001011011000000 (  79)                 ADD   R3 R3 R0
(3036) 0414  0000010000010100 (  80)                 BRZ   END3
(3037) 263C  0010011000111100 (  81)                 LD    R3 U
(3038) 16C0  0001011011000000 (  82)                 ADD   R3 R3 R0
(3039) 05F5  0000010111110101 (  83)                 BRZ   END1
(303A) 203A  0010000000111010 (  84)                 LD    R0 LETTER
(303B) 0BEC  0000101111101100 (  85)                 BRNP  SEQLOOP
(303C) 0FF2  0000111111110010 (  86)                 BRNZP END1
(303D) 4819  0100100000011001 (  88) END2            JSR   GET_LETTER
(303E) 481E  0100100000011110 (  89)                 JSR   PRINT_LETTER
(303F) 2633  0010011000110011 (  90)                 LD    R3 G
(3040) 16C0  0001011011000000 (  91)                 ADD   R3 R3 R0
(3041) 0414  0000010000010100 (  92)                 BRZ   END
(3042) 262E  0010011000101110 (  93)                 LD    R3 A
(3043) 16C0  0001011011000000 (  94)                 ADD   R3 R3 R0
(3044) 0411  0000010000010001 (  95)                 BRZ   END
(3045) 262E  0010011000101110 (  96)                 LD    R3 U
(3046) 16C0  0001011011000000 (  97)                 ADD   R3 R3 R0
(3047) 05E7  0000010111100111 (  98)                 BRZ   END1
(3048) 202C  0010000000101100 (  99)                 LD    R0 LETTER
(3049) 0BDE  0000101111011110 ( 100)                 BRNP  SEQLOOP
(304A) 0FF2  0000111111110010 ( 101)                 BRNZP END2
(304B) 480B  0100100000001011 ( 103) END3            JSR   GET_LETTER
(304C) 4810  0100100000010000 ( 104)                 JSR   PRINT_LETTER
(304D) 2623  0010011000100011 ( 105)                 LD    R3 A
(304E) 16C0  0001011011000000 ( 106)                 ADD   R3 R3 R0
(304F) 0406  0000010000000110 ( 107)                 BRZ   END
(3050) 2623  0010011000100011 ( 108)                 LD    R3 U
(3051) 16C0  0001011011000000 ( 109)                 ADD   R3 R3 R0
(3052) 05DC  0000010111011100 ( 110)                 BRZ   END1
(3053) 2021  0010000000100001 ( 111)                 LD    R0 LETTER
(3054) 0BD3  0000101111010011 ( 112)                 BRNP  SEQLOOP
(3055) 0FF5  0000111111110101 ( 113)                 BRNZP END3
(3056) F025  1111000000100101 ( 115) END             TRAP  x25
(3057) 3E17  0011111000010111 ( 124) GET_LETTER      ST    R7 SAVE70
(3058) 220F  0010001000001111 ( 125)                 LD    R1 Char_Address
(3059) 6040  0110000001000000 ( 126)                 LDR   R0 R1 #0
(305A) 301A  0011000000011010 ( 127)                 ST    R0 LETTER
(305B) 2E13  0010111000010011 ( 128)                 LD    R7 SAVE70
(305C) C1C0  1100000111000000 ( 130)                 RET   
(305D) 3E12  0011111000010010 ( 139) PRINT_LETTER    ST    R7 SAVE71
(305E) 2016  0010000000010110 ( 140)                 LD    R0 LETTER
(305F) 0405  0000010000000101 ( 141)                 BRZ   x3065
(3060) 320D  0011001000001101 ( 143)                 ST    R1 SAVE1
(3061) F021  1111000000100001 ( 144)                 TRAP  x21
(3062) 220B  0010001000001011 ( 145)                 LD    R1 SAVE1
(3063) 5B60  0101101101100000 ( 147)                 AND   R5 R5 #0
(3064) 7A40  0111101001000000 ( 148)                 STR   R5 R1 #0
(3065) 2E0A  0010111000001010 ( 149)                 LD    R7 SAVE71
(3066) C1C0  1100000111000000 ( 151)                 RET   
(3067) 007C  0000000001111100 ( 153) BAR             .FILL x007C
(3068) 2600  0010011000000000 ( 154) Char_Address    .FILL x2600
(3069) 0180  0000000110000000 ( 155) IVT_ADDRESS     .FILL x0180
(306A) 2500  0010010100000000 ( 156) ISR_ADDRESS     .FILL x2500
(306B) FE00  1111111000000000 ( 157) KBSR_ADDRESS    .FILL xFE00
(306C) FE02  1111111000000010 ( 158) KBDR            .FILL xFE02
(306D) 4000  0100000000000000 ( 159) IntEnable       .FILL x4000
(306E) 0000  0000000000000000 ( 160) SAVE1           .FILL x0000
(306F) 0000  0000000000000000 ( 161) SAVE70          .FILL x0000
(3070) 0000  0000000000000000 ( 162) SAVE71          .FILL x0000
(3071) FFBF  1111111110111111 ( 163) A               .FILL xFFBF
(3072) FFBD  1111111110111101 ( 164) C               .FILL xFFBD
(3073) FFB9  1111111110111001 ( 165) G               .FILL xFFB9
(3074) FFAB  1111111110101011 ( 166) U               .FILL xFFAB
(3075) 0000  0000000000000000 ( 167) LETTER          .FILL x0000
